[0302/091643.706:ERROR:process_reader_win.cc(151)] SuspendThread: Access is denied. (0x5)
[0302/091643.707:ERROR:exception_snapshot_win.cc(98)] thread ID 6748 not found in process
[0302/091643.708:ERROR:scoped_process_suspend.cc(40)] NtResumeProcess: An attempt was made to access an exiting process. (0xc000010a)
[0302/102424.997:ERROR:process_reader_win.cc(151)] SuspendThread: Access is denied. (0x5)
[0302/102424.998:ERROR:process_reader_win.cc(151)] SuspendThread: Access is denied. (0x5)
[0302/102424.998:ERROR:process_reader_win.cc(151)] SuspendThread: Access is denied. (0x5)
[0302/102424.998:ERROR:process_reader_win.cc(151)] SuspendThread: Access is denied. (0x5)
[0302/102424.998:ERROR:process_reader_win.cc(151)] SuspendThread: Access is denied. (0x5)
[0302/102425.000:ERROR:process_reader_win.cc(151)] SuspendThread: Access is denied. (0x5)
[0302/102425.000:ERROR:process_reader_win.cc(151)] SuspendThread: Access is denied. (0x5)
[0302/102425.000:ERROR:process_reader_win.cc(151)] SuspendThread: Access is denied. (0x5)
[0302/102425.000:ERROR:process_reader_win.cc(151)] SuspendThread: Access is denied. (0x5)
[0302/102425.000:ERROR:process_reader_win.cc(151)] SuspendThread: Access is denied. (0x5)
[0302/102425.000:ERROR:process_reader_win.cc(151)] SuspendThread: Access is denied. (0x5)
[0302/102425.000:ERROR:process_reader_win.cc(151)] SuspendThread: Access is denied. (0x5)
[0302/102425.000:ERROR:process_reader_win.cc(151)] SuspendThread: Access is denied. (0x5)
[0302/102425.000:ERROR:process_reader_win.cc(151)] SuspendThread: Access is denied. (0x5)
[0302/102425.000:ERROR:process_reader_win.cc(151)] SuspendThread: Access is denied. (0x5)
[0302/102425.000:ERROR:exception_snapshot_win.cc(98)] thread ID 3636 not found in process
[0303/102928.121:ERROR:process_info.cc(329)] VirtualQueryEx: Access is denied. (0x5)
[0303/102928.121:ERROR:process_info.cc(556)] ReadMemoryInfo failed
[0303/102928.121:ERROR:scoped_process_suspend.cc(40)] NtResumeProcess: An attempt was made to access an exiting process. (0xc000010a)
